<?xml version="1.0" encoding="UTF-8"?>
<testsuite name="org.adaschool.api.HealthControllerTest" tests="1" skipped="0" failures="0" errors="0" timestamp="2025-08-22T03:16:18" hostname="DESKTOP-H89E5RB" time="1.789">
  <properties/>
  <testcase name="getHealthControllerTest()" classname="org.adaschool.api.HealthControllerTest" time="1.789"/>
  <system-out><![CDATA[22:16:12.901 [Test worker] DEBUG org.springframework.boot.test.context.SpringBootTestContextBootstrapper - Neither @ContextConfiguration nor @ContextHierarchy found for test class [HealthControllerTest]: using SpringBootContextLoader
22:16:12.909 [Test worker] DEBUG org.springframework.test.context.support.AbstractContextLoader - Could not detect default resource locations for test class [org.adaschool.api.HealthControllerTest]: no resource found for suffixes {-context.xml, Context.groovy}.
22:16:12.911 [Test worker] INFO org.springframework.test.context.support.AnnotationConfigContextLoaderUtils - Could not detect default configuration classes for test class [org.adaschool.api.HealthControllerTest]: HealthControllerTest does not declare any static, non-private, non-final, nested classes annotated with @Configuration.
22:16:13.036 [Test worker] DEBUG org.springframework.boot.test.context.SpringBootTestContextBootstrapper - Using ContextCustomizers for test class [HealthControllerTest]: [DisableObservabilityContextCustomizer, PropertyMappingContextCustomizer, Customizer, ExcludeFilterContextCustomizer, DuplicateJsonObjectContextCustomizer, MockitoContextCustomizer, TestRestTemplateContextCustomizer]
22:16:13.263 [Test worker] DEBUG org.springframework.context.annotation.ClassPathScanningCandidateComponentProvider - Identified candidate component class: file [C:\Users\usuario\Downloads\spring-boot-java-assignments-main\spring-boot-java-assignments-main\spring-boot-java-assignments\build\classes\java\main\org\adaschool\api\SpringBootJavaAssignmentsApplication.class]
22:16:13.266 [Test worker] INFO org.springframework.boot.test.context.SpringBootTestContextBootstrapper - Found @SpringBootConfiguration org.adaschool.api.SpringBootJavaAssignmentsApplication for test class org.adaschool.api.HealthControllerTest
22:16:13.803 [Test worker] DEBUG org.springframework.test.context.util.TestContextSpringFactoriesUtils - Skipping candidate TestExecutionListener [org.springframework.test.context.transaction.TransactionalTestExecutionListener] due to a missing dependency. Specify custom TestExecutionListener classes or make the default TestExecutionListener classes and their required dependencies available. Offending class: [org/springframework/transaction/interceptor/TransactionAttributeSource]
22:16:13.810 [Test worker] DEBUG org.springframework.test.context.util.TestContextSpringFactoriesUtils - Skipping candidate TestExecutionListener [org.springframework.test.context.jdbc.SqlScriptsTestExecutionListener] due to a missing dependency. Specify custom TestExecutionListener classes or make the default TestExecutionListener classes and their required dependencies available. Offending class: [org/springframework/transaction/interceptor/TransactionAttribute]
22:16:13.822 [Test worker] DEBUG org.springframework.boot.test.context.SpringBootTestContextBootstrapper - Using TestExecutionListeners for test class [HealthControllerTest]: [ServletTestExecutionListener, DirtiesContextBeforeModesTestExecutionListener, ApplicationEventsTestExecutionListener, MockitoTestExecutionListener, DependencyInjectionTestExecutionListener, DirtiesContextTestExecutionListener, EventPublishingTestExecutionListener, RestDocsTestExecutionListener, MockRestServiceServerResetTestExecutionListener, MockMvcPrintOnlyOnFailureTestExecutionListener, WebDriverTestExecutionListener, MockWebServiceServerTestExecutionListener, ResetMocksTestExecutionListener]
22:16:13.841 [Test worker] DEBUG org.springframework.test.context.support.AbstractDirtiesContextTestExecutionListener - Before test class: class [HealthControllerTest], class annotated with @DirtiesContext [false] with mode [null]

  .   ____          _            __ _ _
 /\\ / ___'_ __ _ _(_)_ __  __ _ \ \ \ \
( ( )\___ | '_ | '_| | '_ \/ _` | \ \ \ \
 \\/  ___)| |_)| | | | | || (_| |  ) ) ) )
  '  |____| .__|_| |_|_| |_\__, | / / / /
 =========|_|==============|___/=/_/_/_/
 :: Spring Boot ::                (v3.0.2)

2025-08-21T22:16:14.688-05:00  INFO 44276 --- [    Test worker] org.adaschool.api.HealthControllerTest   : Starting HealthControllerTest using Java 17.0.16 with PID 44276 (started by usuario in C:\Users\usuario\Downloads\spring-boot-java-assignments-main\spring-boot-java-assignments-main\spring-boot-java-assignments)
2025-08-21T22:16:14.691-05:00  INFO 44276 --- [    Test worker] org.adaschool.api.HealthControllerTest   : No active profile set, falling back to 1 default profile: "default"
2025-08-21T22:16:18.191-05:00  INFO 44276 --- [    Test worker] org.adaschool.api.HealthControllerTest   : Started HealthControllerTest in 4.111 seconds (process running for 7.783)
2025-08-21T22:16:19.859-05:00  INFO 44276 --- [    Test worker] o.s.mock.web.MockServletContext          : Initializing Spring TestDispatcherServlet ''
2025-08-21T22:16:19.860-05:00  INFO 44276 --- [    Test worker] o.s.t.web.servlet.TestDispatcherServlet  : Initializing Servlet ''
2025-08-21T22:16:19.862-05:00  INFO 44276 --- [    Test worker] o.s.t.web.servlet.TestDispatcherServlet  : Completed initialization in 0 ms
]]></system-out>
  <system-err><![CDATA[]]></system-err>
</testsuite>
